Change Component Footprint: Designator=D1 Old Footprint=3.2X1.6X1.1 New Footprint=0805D
Change Component Footprint: Designator=D2 Old Footprint=3.2X1.6X1.1 New Footprint=0805D
Change Component Footprint: Designator=D3 Old Footprint=3.2X1.6X1.1 New Footprint=0805D
Change Component Footprint: Designator=D4 Old Footprint=3.2X1.6X1.1 New Footprint=0805D
Change Component Footprint: Designator=L1 Old Footprint=AXIAL-0.9 New Footprint=L_7x7
Change Component Footprint: Designator=R1 Old Footprint=J1-0603 New Footprint=0805
Change Component Footprint: Designator=R2 Old Footprint=J1-0603 New Footprint=0805
Change Component Footprint: Designator=R3 Old Footprint=J1-0603 New Footprint=0805
Change Component Footprint: Designator=R4 Old Footprint=J1-0603 New Footprint=0805
Change Component Footprint: Designator=R5 Old Footprint=J1-0603 New Footprint=0805
Change Component Footprint: Designator=R6 Old Footprint=J1-0603 New Footprint=0805
Change Component Footprint: Designator=R7 Old Footprint=J1-0603 New Footprint=0805
Change Component Footprint: Designator=R8 Old Footprint=J1-0603 New Footprint=PFL1
Change Component Footprint: Designator=C1 Old Footprint=RAD-0.3 New Footprint=C1210
Change Component Footprint: Designator=C2 Old Footprint=RAD-0.3 New Footprint=C1210
Change Component Footprint: Designator=C3 Old Footprint=RAD-0.3 New Footprint=C1210
Change Component Footprint: Designator=C4 Old Footprint=RAD-0.3 New Footprint=C1210
Change Component Footprint: Designator=S1 Old Footprint=SPST-2 New Footprint=MSS22D18
Change Component Comment : Designator=C3 Old Comment=Cap New Comment=1210
Change Component Comment : Designator=C4 Old Comment=Cap New Comment=1210
Change Component Comment : Designator=C1 Old Comment=Cap New Comment=C1210
Change Component Comment : Designator=C2 Old Comment=Cap New Comment=C1210
Change Component Comment : Designator=P1 Old Comment=Header 2 New Comment=5V
Change Component Comment : Designator=P2 Old Comment=Header 2H New Comment=BATInterface
Change Component Comment : Designator=D1 Old Comment=LED2 New Comment=LED1
Change Component Comment : Designator=D3 Old Comment=LED2 New Comment=LED3
Change Component Comment : Designator=D4 Old Comment=LED2 New Comment=LED4
Change Component Comment : Designator=R8 Old Comment=Res3 New Comment=FlyLine
