Replace Part C1 Cap in E:\MZY7 Projects\MZY7-P1\Sheet.this.SchDoc with Cap from Miscellaneous Devices.SchLib
Replace Part C2 Cap in E:\MZY7 Projects\MZY7-P1\Sheet.this.SchDoc with Cap from Miscellaneous Devices.SchLib
Replace Part C3 Cap in E:\MZY7 Projects\MZY7-P1\Sheet.this.SchDoc with Cap from Miscellaneous Devices.SchLib
Replace Part C4 Cap in E:\MZY7 Projects\MZY7-P1\Sheet.this.SchDoc with Cap from Miscellaneous Devices.SchLib
Replace Part D1 LED2 in E:\MZY7 Projects\MZY7-P1\Sheet.this.SchDoc with LED2 from Miscellaneous Devices.IntLib
Replace Part D2 LED2 in E:\MZY7 Projects\MZY7-P1\Sheet.this.SchDoc with LED2 from Miscellaneous Devices.IntLib
Replace Part D3 LED2 in E:\MZY7 Projects\MZY7-P1\Sheet.this.SchDoc with LED2 from Miscellaneous Devices.IntLib
Replace Part D4 LED2 in E:\MZY7 Projects\MZY7-P1\Sheet.this.SchDoc with LED2 from Miscellaneous Devices.IntLib
Replace Part L1 Inductor Iron in E:\MZY7 Projects\MZY7-P1\Sheet.this.SchDoc with Inductor Iron from Miscellaneous Devices.SchLib
Replace Part P1 Header 2 in E:\MZY7 Projects\MZY7-P1\Sheet.this.SchDoc with Header 2 from Miscellaneous Connectors.IntLib
Replace Part P2 Header 2H in E:\MZY7 Projects\MZY7-P1\Sheet.this.SchDoc with Header 2H from Miscellaneous Connectors.IntLib
Replace Part Q1 8205A in E:\MZY7 Projects\MZY7-P1\Sheet.this.SchDoc with 8205A from Schlib.this.SchLib
Replace Part R1 Res3 in E:\MZY7 Projects\MZY7-P1\Sheet.this.SchDoc with Res3 from Miscellaneous Devices.IntLib
Replace Part R2 Res3 in E:\MZY7 Projects\MZY7-P1\Sheet.this.SchDoc with Res3 from Miscellaneous Devices.IntLib
Replace Part R3 Res3 in E:\MZY7 Projects\MZY7-P1\Sheet.this.SchDoc with Res3 from Miscellaneous Devices.SchLib
Replace Part R4 Res3 in E:\MZY7 Projects\MZY7-P1\Sheet.this.SchDoc with Res3 from Miscellaneous Devices.IntLib
Replace Part R5 Res3 in E:\MZY7 Projects\MZY7-P1\Sheet.this.SchDoc with Res3 from Miscellaneous Devices.IntLib
Replace Part R6 Res3 in E:\MZY7 Projects\MZY7-P1\Sheet.this.SchDoc with Res3 from Miscellaneous Devices.SchLib
Replace Part R7 Res3 in E:\MZY7 Projects\MZY7-P1\Sheet.this.SchDoc with Res3 from Miscellaneous Devices.SchLib
Replace Part R8 Res3 in E:\MZY7 Projects\MZY7-P1\Sheet.this.SchDoc with Res3 from Miscellaneous Devices.SchLib
Replace Part S1 SW-SPST in E:\MZY7 Projects\MZY7-P1\Sheet.this.SchDoc with SW-SPST from Miscellaneous Devices.SchLib
Replace Part U1 ETA9740 in E:\MZY7 Projects\MZY7-P1\Sheet.this.SchDoc with ETA9740 from Schlib.this.SchLib
